0 info it worked if it ends with ok
1 verbose cli [ 'C:\\Program Files (x86)\\nodejs\\node.exe',
1 verbose cli   'C:\\Program Files (x86)\\nodejs\\node_modules\\npm\\bin\\npm-cli.js',
1 verbose cli   'start' ]
2 info using npm@3.10.8
3 info using node@v6.9.1
4 verbose run-script [ 'prestart', 'start', 'poststart' ]
5 info lifecycle collab-back-end@1.0.0~prestart: collab-back-end@1.0.0
6 silly lifecycle collab-back-end@1.0.0~prestart: no script for prestart, continuing
7 info lifecycle collab-back-end@1.0.0~start: collab-back-end@1.0.0
8 verbose lifecycle collab-back-end@1.0.0~start: unsafe-perm in lifecycle true
9 verbose lifecycle collab-back-end@1.0.0~start: PATH: C:\Program Files (x86)\nodejs\node_modules\npm\bin\node-gyp-bin;C:\Users\mhb\repositories\CollabSeek-Backend\node_modules\.bin;C:\Program Files\Haskell\bin;C:\Program Files\Haskell Platform\8.2.2\lib\extralibs\bin;C:\Program Files\Haskell Platform\8.2.2\bin;C:\Program Files\ImageMagick-6.9.9-Q16-HDRI;C:\ProgramData\Oracle\Java\javapath;C:\Program Files (x86)\NVIDIA Corporation\PhysX\Common;C:\Program Files (x86)\Intel\iCLS Client\;C:\Program Files\Intel\iCLS Client\;C:\Windows\system32;C:\Windows;C:\Windows\System32\Wbem;C:\Windows\System32\WindowsPowerShell\v1.0\;C:\Program Files\Intel\Intel(R) Management Engine Components\DAL;C:\Program Files\Intel\Intel(R) Management Engine Components\IPT;C:\Program Files (x86)\Intel\Intel(R) Management Engine Components\DAL;C:\Program Files (x86)\Intel\Intel(R) Management Engine Components\IPT;C:\Program Files\Condusiv Technologies\ExpressCache\;C:\Program Files (x86)\PharosSystems\Core;C:\Program Files (x86)\Lenovo\Password Manager\;C:\Program Files\Microsoft SQL Server\110\Tools\Binn\;C:\Program Files (x86)\Microsoft SDKs\TypeScript\1.0\;C:\Program Files\Microsoft SQL Server\120\Tools\Binn\;C:\Program Files\Java\jdk1.8.0_60\bin;C:\Program Files (x86)\Skype\Phone\;C:\MinGW\bin;C:\Program Files\MATLAB\R2017b\bin;C:\Program Files\MATLAB\R2016a\runtime\win64;C:\Program Files\MATLAB\R2016a\bin;C:\Program Files (x86)\Brackets\command;C:\emacs-24.5\bin;C:\Program Files\Git\cmd;C:\Program Files (x86)\GNU\GnuPG\pub;C:\Program Files (x86)\nodejs\;C:\Program Files\MiKTeX 2.9\miktex\bin\x64\;C:\Program Files (x86)\Bitvise SSH Client;C:\Program Files (x86)\Git\cmd;C:\Program Files (x86)\Git\mingw32\bin;C:\Program Files (x86)\Git\usr\bin;C:\Program Files (x86)\GitExtensions\;C:\Program Files\Microsoft SQL Server\130\Tools\Binn\;C:\Program Files\dotnet\;C:\Program Files\Intel\WiFi\bin\;C:\Program Files\Common Files\Intel\WirelessCommon\;C:\Program Files\Haskell Platform\8.2.2\mingw\bin;C:\Ruby24-x64\bin;C:\Users\mhb\AppData\Roaming\cabal\bin;C:\Users\mhb\AppData\Roaming\local\bin;C:\Users\mhb\Anaconda3;C:\Users\mhb\Anaconda3\Scripts;C:\Users\mhb\Anaconda3\Library\bin;C:\MinGW\bin;C:\Program Files (x86)\SSH Communications Security\SSH Secure Shell;C:\Program Files (x86)\Microsoft VS Code\bin;C:\Users\mhb\AppData\Local\atom\bin;C:\Program Files\Docker Toolbox;C:\Users\mhb\AppData\Roaming\npm;C:\AWS-ElasticBeanstalk-CLI-2.6.4\eb\windows;C:\Program Files\Intel\WiFi\bin\;C:\Program Files\Common Files\Intel\WirelessCommon\;C:\command-line-tools;C:\Program Files\PostgreSQL\9.6\bin
10 verbose lifecycle collab-back-end@1.0.0~start: CWD: C:\Users\mhb\repositories\CollabSeek-Backend
11 silly lifecycle collab-back-end@1.0.0~start: Args: [ '/d /s /c', 'nodemon server.js' ]
12 silly lifecycle collab-back-end@1.0.0~start: Returned: code: 3221225786  signal: null
13 info lifecycle collab-back-end@1.0.0~start: Failed to exec start script
14 verbose stack Error: collab-back-end@1.0.0 start: `nodemon server.js`
14 verbose stack Exit status 3221225786
14 verbose stack     at EventEmitter.<anonymous> (C:\Program Files (x86)\nodejs\node_modules\npm\lib\utils\lifecycle.js:255:16)
14 verbose stack     at emitTwo (events.js:106:13)
14 verbose stack     at EventEmitter.emit (events.js:191:7)
14 verbose stack     at ChildProcess.<anonymous> (C:\Program Files (x86)\nodejs\node_modules\npm\lib\utils\spawn.js:40:14)
14 verbose stack     at emitTwo (events.js:106:13)
14 verbose stack     at ChildProcess.emit (events.js:191:7)
14 verbose stack     at maybeClose (internal/child_process.js:877:16)
14 verbose stack     at Process.ChildProcess._handle.onexit (internal/child_process.js:226:5)
15 verbose pkgid collab-back-end@1.0.0
16 verbose cwd C:\Users\mhb\repositories\CollabSeek-Backend
17 error Windows_NT 6.3.9600
18 error argv "C:\\Program Files (x86)\\nodejs\\node.exe" "C:\\Program Files (x86)\\nodejs\\node_modules\\npm\\bin\\npm-cli.js" "start"
19 error node v6.9.1
20 error npm  v3.10.8
21 error code ELIFECYCLE
22 error collab-back-end@1.0.0 start: `nodemon server.js`
22 error Exit status 3221225786
23 error Failed at the collab-back-end@1.0.0 start script 'nodemon server.js'.
23 error Make sure you have the latest version of node.js and npm installed.
23 error If you do, this is most likely a problem with the collab-back-end package,
23 error not with npm itself.
23 error Tell the author that this fails on your system:
23 error     nodemon server.js
23 error You can get information on how to open an issue for this project with:
23 error     npm bugs collab-back-end
23 error Or if that isn't available, you can get their info via:
23 error     npm owner ls collab-back-end
23 error There is likely additional logging output above.
24 verbose exit [ 1, true ]
